{"numTotalTestSuites":9,"numPassedTestSuites":9,"numFailedTestSuites":0,"numPendingTestSuites":0,"numTotalTests":31,"numPassedTests":31,"numFailedTests":0,"numPendingTests":0,"numTodoTests":0,"snapshot":{"added":0,"failure":false,"filesAdded":0,"filesRemoved":0,"filesRemovedList":[],"filesUnmatched":0,"filesUpdated":0,"matched":0,"total":0,"unchecked":0,"uncheckedKeysByFile":[],"unmatched":0,"updated":0,"didUpdate":false},"startTime":1777693077318,"success":true,"testResults":[{"assertionResults":[{"ancestorTitles":["P10-16: Admin API 경로 계약 검증"],"fullName":"P10-16: Admin API 경로 계약 검증 TC-01: UsersPage GET /admin/users 경로가 서버에 등록됨","status":"passed","title":"TC-01: UsersPage GET /admin/users 경로가 서버에 등록됨","duration":0.9961999999999307,"failureMessages":[],"meta":{}},{"ancestorTitles":["P10-16: Admin API 경로 계약 검증"],"fullName":"P10-16: Admin API 경로 계약 검증 TC-02: UsersPage GET /admin/users/:id 경로가 서버에 등록됨","status":"passed","title":"TC-02: UsersPage GET /admin/users/:id 경로가 서버에 등록됨","duration":0.16989999999998417,"failureMessages":[],"meta":{}},{"ancestorTitles":["P10-16: Admin API 경로 계약 검증"],"fullName":"P10-16: Admin API 경로 계약 검증 TC-03: UsersPage PATCH /admin/users/:id/ban 경로가 서버에 등록됨","status":"passed","title":"TC-03: UsersPage PATCH /admin/users/:id/ban 경로가 서버에 등록됨","duration":0.11910000000000309,"failureMessages":[],"meta":{}},{"ancestorTitles":["P10-16: Admin API 경로 계약 검증"],"fullName":"P10-16: Admin API 경로 계약 검증 TC-04: ReportsPage GET /admin/reports 경로가 admin 라우트에 매핑 가능","status":"passed","title":"TC-04: ReportsPage GET /admin/reports 경로가 admin 라우트에 매핑 가능","duration":0.10370000000000346,"failureMessages":[],"meta":{}},{"ancestorTitles":["P10-16: Admin API 경로 계약 검증"],"fullName":"P10-16: Admin API 경로 계약 검증 TC-05: AnnouncementsPage POST /admin/announcements 경로가 서버에 등록됨","status":"passed","title":"TC-05: AnnouncementsPage POST /admin/announcements 경로가 서버에 등록됨","duration":0.1130999999999176,"failureMessages":[],"meta":{}},{"ancestorTitles":["P10-16: Admin DTO 필드 일치 검증"],"fullName":"P10-16: Admin DTO 필드 일치 검증 TC-06: AdminUserRow가 UsersPage에서 사용하는 모든 필드를 포함","status":"passed","title":"TC-06: AdminUserRow가 UsersPage에서 사용하는 모든 필드를 포함","duration":0.2685999999999922,"failureMessages":[],"meta":{}},{"ancestorTitles":["P10-16: Admin DTO 필드 일치 검증"],"fullName":"P10-16: Admin DTO 필드 일치 검증 TC-07: AdminStatsResponse가 DashboardPage 기대 필드를 포함","status":"passed","title":"TC-07: AdminStatsResponse가 DashboardPage 기대 필드를 포함","duration":0.19799999999997908,"failureMessages":[],"meta":{}},{"ancestorTitles":["P10-16: Admin DTO 필드 일치 검증"],"fullName":"P10-16: Admin DTO 필드 일치 검증 TC-08: AdminSanctionRow가 UsersPage 제재 이력 표시 필드를 포함","status":"passed","title":"TC-08: AdminSanctionRow가 UsersPage 제재 이력 표시 필드를 포함","duration":0.12339999999994689,"failureMessages":[],"meta":{}},{"ancestorTitles":["P10-16: Admin DTO 필드 일치 검증"],"fullName":"P10-16: Admin DTO 필드 일치 검증 TC-09: AdminServerHealthResponse가 서버 헬스 모니터링 필드를 포함","status":"passed","title":"TC-09: AdminServerHealthResponse가 서버 헬스 모니터링 필드를 포함","duration":0.1409999999999627,"failureMessages":[],"meta":{}},{"ancestorTitles":["P10-16: Admin DTO 필드 일치 검증"],"fullName":"P10-16: Admin DTO 필드 일치 검증 TC-10: AdminAnnouncement가 AnnouncementsPage 표시 필드를 포함","status":"passed","title":"TC-10: AdminAnnouncement가 AnnouncementsPage 표시 필드를 포함","duration":0.20090000000004693,"failureMessages":[],"meta":{}},{"ancestorTitles":["P10-16: Admin DTO 필드 일치 검증"],"fullName":"P10-16: Admin DTO 필드 일치 검증 TC-11: AdminUsersResponse가 페이지네이션 필드를 포함","status":"passed","title":"TC-11: AdminUsersResponse가 페이지네이션 필드를 포함","duration":0.1672999999999547,"failureMessages":[],"meta":{}},{"ancestorTitles":["P10-16: Admin DTO 필드 일치 검증"],"fullName":"P10-16: Admin DTO 필드 일치 검증 TC-12: ApiResponse 타입이 success/error 분기를 지원","status":"passed","title":"TC-12: ApiResponse 타입이 success/error 분기를 지원","duration":0.11149999999997817,"failureMessages":[],"meta":{}}],"startTime":1777693077530,"endTime":1777693077533.1672,"status":"passed","message":"","name":"C:/fork/aeterna-chronicle-web2/tests/contract/admin-api.test.ts"},{"assertionResults":[{"ancestorTitles":["DashboardPage"],"fullName":"DashboardPage KPI API를 /analytics/kpi 경로로 호출한다","status":"passed","title":"KPI API를 /analytics/kpi 경로로 호출한다","duration":58.669399999999996,"failureMessages":[],"meta":{}},{"ancestorTitles":["DashboardPage"],"fullName":"DashboardPage API 응답에서 KPI 스냅샷을 올바르게 파싱할 수 있다","status":"passed","title":"API 응답에서 KPI 스냅샷을 올바르게 파싱할 수 있다","duration":0.6969000000000278,"failureMessages":[],"meta":{}},{"ancestorTitles":["DashboardPage"],"fullName":"DashboardPage API 실패 시 기본값(0)을 유지하는 로직이 올바르다","status":"passed","title":"API 실패 시 기본값(0)을 유지하는 로직이 올바르다","duration":0.11840000000006512,"failureMessages":[],"meta":{}},{"ancestorTitles":["DashboardPage"],"fullName":"DashboardPage 스냅샷에서 최신 값을 올바르게 추출한다","status":"passed","title":"스냅샷에서 최신 값을 올바르게 추출한다","duration":0.1269999999999527,"failureMessages":[],"meta":{}},{"ancestorTitles":["DashboardPage"],"fullName":"DashboardPage DAU 차트 데이터 라벨이 올바른 형식이다","status":"passed","title":"DAU 차트 데이터 라벨이 올바른 형식이다","duration":10.419199999999933,"failureMessages":[],"meta":{}}],"startTime":1777693077529,"endTime":1777693077599.4192,"status":"passed","message":"","name":"C:/fork/aeterna-chronicle-web2/admin-dashboard/src/__tests__/DashboardPage.test.tsx"},{"assertionResults":[{"ancestorTitles":["ReportsPage"],"fullName":"ReportsPage 신고 목록 API를 올바른 경로로 호출하는 구조이다","status":"passed","title":"신고 목록 API를 올바른 경로로 호출하는 구조이다","duration":36.28279999999995,"failureMessages":[],"meta":{}},{"ancestorTitles":["ReportsPage"],"fullName":"ReportsPage 상태 필터(pending)로 신고를 올바르게 필터링한다","status":"passed","title":"상태 필터(pending)로 신고를 올바르게 필터링한다","duration":0.9279999999999973,"failureMessages":[],"meta":{}},{"ancestorTitles":["ReportsPage"],"fullName":"ReportsPage 신고 유형 라벨이 올바르게 매핑된다","status":"passed","title":"신고 유형 라벨이 올바르게 매핑된다","duration":0.25939999999991414,"failureMessages":[],"meta":{}},{"ancestorTitles":["ReportsPage"],"fullName":"ReportsPage 처리 완료된 신고에 제재 조치가 기록되어 있다","status":"passed","title":"처리 완료된 신고에 제재 조치가 기록되어 있다","duration":0.28290000000004056,"failureMessages":[],"meta":{}},{"ancestorTitles":["ReportsPage"],"fullName":"ReportsPage 기각된 신고에 사유가 기록되어 있다","status":"passed","title":"기각된 신고에 사유가 기록되어 있다","duration":0.3423999999999978,"failureMessages":[],"meta":{}},{"ancestorTitles":["ReportsPage"],"fullName":"ReportsPage 신고 검토 API 페이로드 구조가 올바르다","status":"passed","title":"신고 검토 API 페이로드 구조가 올바르다","duration":0.3605000000000018,"failureMessages":[],"meta":{}},{"ancestorTitles":["ReportsPage"],"fullName":"ReportsPage 4개 상태 탭이 모두 정의되어 있다","status":"passed","title":"4개 상태 탭이 모두 정의되어 있다","duration":0.5439000000000078,"failureMessages":[],"meta":{}}],"startTime":1777693077530,"endTime":1777693077568.544,"status":"passed","message":"","name":"C:/fork/aeterna-chronicle-web2/admin-dashboard/src/__tests__/ReportsPage.test.tsx"},{"assertionResults":[{"ancestorTitles":["UsersPage"],"fullName":"UsersPage 유저 목록 API를 올바른 경로로 호출한다","status":"passed","title":"유저 목록 API를 올바른 경로로 호출한다","duration":35.206800000000044,"failureMessages":[],"meta":{}},{"ancestorTitles":["UsersPage"],"fullName":"UsersPage AdminUserRow 타입이 UsersPage 컬럼 정의와 일치한다","status":"passed","title":"AdminUserRow 타입이 UsersPage 컬럼 정의와 일치한다","duration":0.5483999999999014,"failureMessages":[],"meta":{}},{"ancestorTitles":["UsersPage"],"fullName":"UsersPage 밴 상태 유저를 올바르게 식별한다","status":"passed","title":"밴 상태 유저를 올바르게 식별한다","duration":0.6043999999999414,"failureMessages":[],"meta":{}},{"ancestorTitles":["UsersPage"],"fullName":"UsersPage 관리자 역할 유저를 올바르게 식별한다","status":"passed","title":"관리자 역할 유저를 올바르게 식별한다","duration":0.16179999999997108,"failureMessages":[],"meta":{}},{"ancestorTitles":["UsersPage"],"fullName":"UsersPage 제재 이력에서 활성 제재를 올바르게 필터링한다","status":"passed","title":"제재 이력에서 활성 제재를 올바르게 필터링한다","duration":0.1349999999999909,"failureMessages":[],"meta":{}},{"ancestorTitles":["UsersPage"],"fullName":"UsersPage 검색 파라미터가 API 호출에 올바르게 전달되는 구조이다","status":"passed","title":"검색 파라미터가 API 호출에 올바르게 전달되는 구조이다","duration":0.10659999999995762,"failureMessages":[],"meta":{}},{"ancestorTitles":["UsersPage"],"fullName":"UsersPage lastLoginAt null 처리가 올바르다","status":"passed","title":"lastLoginAt null 처리가 올바르다","duration":0.0809999999999036,"failureMessages":[],"meta":{}}],"startTime":1777693077530,"endTime":1777693077567.1619,"status":"passed","message":"","name":"C:/fork/aeterna-chronicle-web2/admin-dashboard/src/__tests__/UsersPage.test.tsx"}]}