{"numTotalTestSuites":5,"numPassedTestSuites":5,"numFailedTestSuites":0,"numPendingTestSuites":0,"numTotalTests":16,"numPassedTests":16,"numFailedTests":0,"numPendingTests":0,"numTodoTests":0,"snapshot":{"added":0,"failure":false,"filesAdded":0,"filesRemoved":0,"filesRemovedList":[],"filesUnmatched":0,"filesUpdated":0,"matched":0,"total":0,"unchecked":0,"uncheckedKeysByFile":[],"unmatched":0,"updated":0,"didUpdate":false},"startTime":1777798440671,"success":true,"testResults":[{"assertionResults":[{"ancestorTitles":["computeMissChance + rollMiss"],"fullName":"computeMissChance + rollMiss 양쪽 0 → miss 0","status":"passed","title":"양쪽 0 → miss 0","duration":0.6983000000000175,"failureMessages":[],"meta":{}},{"ancestorTitles":["computeMissChance + rollMiss"],"fullName":"computeMissChance + rollMiss 회피 15 vs 명중 0 → 0.15","status":"passed","title":"회피 15 vs 명중 0 → 0.15","duration":0.13269999999999982,"failureMessages":[],"meta":{}},{"ancestorTitles":["computeMissChance + rollMiss"],"fullName":"computeMissChance + rollMiss 명중이 회피 상쇄","status":"passed","title":"명중이 회피 상쇄","duration":0.103999999999985,"failureMessages":[],"meta":{}},{"ancestorTitles":["computeMissChance + rollMiss"],"fullName":"computeMissChance + rollMiss rollMiss — rng < miss → true","status":"passed","title":"rollMiss — rng < miss → true","duration":0.1272000000000162,"failureMessages":[],"meta":{}},{"ancestorTitles":["computeReflectDamage / computeProjectileReflectDamage"],"fullName":"computeReflectDamage / computeProjectileReflectDamage reflect 20% × 100 = 20","status":"passed","title":"reflect 20% × 100 = 20","duration":0.09819999999996298,"failureMessages":[],"meta":{}},{"ancestorTitles":["computeReflectDamage / computeProjectileReflectDamage"],"fullName":"computeReflectDamage / computeProjectileReflectDamage reflect 0 → 0","status":"passed","title":"reflect 0 → 0","duration":0.09129999999998972,"failureMessages":[],"meta":{}},{"ancestorTitles":["computeReflectDamage / computeProjectileReflectDamage"],"fullName":"computeReflectDamage / computeProjectileReflectDamage projectile_reflect 별도 필드","status":"passed","title":"projectile_reflect 별도 필드","duration":0.10379999999997835,"failureMessages":[],"meta":{}},{"ancestorTitles":["getEffectiveAtk — low_hp_atk_up"],"fullName":"getEffectiveAtk — low_hp_atk_up hp ≥ 30% → base 그대로","status":"passed","title":"hp ≥ 30% → base 그대로","duration":0.12119999999998754,"failureMessages":[],"meta":{}},{"ancestorTitles":["getEffectiveAtk — low_hp_atk_up"],"fullName":"getEffectiveAtk — low_hp_atk_up hp < 30% → 부스트","status":"passed","title":"hp < 30% → 부스트","duration":0.10149999999998727,"failureMessages":[],"meta":{}},{"ancestorTitles":["getEffectiveAtk — low_hp_atk_up"],"fullName":"getEffectiveAtk — low_hp_atk_up LOW_HP_THRESHOLD 0.30","status":"passed","title":"LOW_HP_THRESHOLD 0.30","duration":0.07650000000001,"failureMessages":[],"meta":{}},{"ancestorTitles":["getEffectiveDef + computeCritEchoDamage + computeLifestealHeal"],"fullName":"getEffectiveDef + computeCritEchoDamage + computeLifestealHeal defense_up_conditional 50% → ×1.5","status":"passed","title":"defense_up_conditional 50% → ×1.5","duration":0.07589999999999009,"failureMessages":[],"meta":{}},{"ancestorTitles":["getEffectiveDef + computeCritEchoDamage + computeLifestealHeal"],"fullName":"getEffectiveDef + computeCritEchoDamage + computeLifestealHeal crit_echo isCritical=false → 0","status":"passed","title":"crit_echo isCritical=false → 0","duration":0.08500000000003638,"failureMessages":[],"meta":{}},{"ancestorTitles":["getEffectiveDef + computeCritEchoDamage + computeLifestealHeal"],"fullName":"getEffectiveDef + computeCritEchoDamage + computeLifestealHeal crit_echo 30% × 100 crit → 30","status":"passed","title":"crit_echo 30% × 100 crit → 30","duration":0.04070000000001528,"failureMessages":[],"meta":{}},{"ancestorTitles":["getEffectiveDef + computeCritEchoDamage + computeLifestealHeal"],"fullName":"getEffectiveDef + computeCritEchoDamage + computeLifestealHeal lifesteal 50% × 100 → 50","status":"passed","title":"lifesteal 50% × 100 → 50","duration":0.06409999999999627,"failureMessages":[],"meta":{}},{"ancestorTitles":["getEffectiveDef + computeCritEchoDamage + computeLifestealHeal"],"fullName":"getEffectiveDef + computeCritEchoDamage + computeLifestealHeal lifesteal + drain_amp 50% → 75 (×1.5)","status":"passed","title":"lifesteal + drain_amp 50% → 75 (×1.5)","duration":0.03989999999998872,"failureMessages":[],"meta":{}},{"ancestorTitles":["getEffectiveDef + computeCritEchoDamage + computeLifestealHeal"],"fullName":"getEffectiveDef + computeCritEchoDamage + computeLifestealHeal lifesteal 이미 maxHp → 0","status":"passed","title":"lifesteal 이미 maxHp → 0","duration":0.034500000000036835,"failureMessages":[],"meta":{}}],"startTime":1777798440838,"endTime":1777798440841.0642,"status":"passed","message":"","name":"C:/fork/aeterna-chronicle-web2/tests/unit/passiveClientHelpers.test.ts"}]}